<?xml version="1.0" encoding="UTF-8"?>
<!-- Generated by org.testng.reporters.JUnitXMLReporter -->
<testsuite ignored="1" hostname="mubaraklpt_idc" failures="0" tests="501" name="Default test" time="2.032" errors="0" timestamp="2025-04-25T16:39:18 IST">
  <testcase classname="Week4day2.LearnAttributes" name="editLead" time="0.018"/>
  <testcase classname="Week4day2.LearnAttributes" name="editLead" time="0.004"/>
  <testcase classname="Week4day2.LearnAttributes" name="editLead" time="0.002"/>
  <testcase classname="Week4day2.LearnAttributes" name="editLead" time="0.004"/>
  <testcase classname="Week4day2.LearnAttributes" name="editLead" time="0.002"/>
  <testcase classname="Week4day2.LearnAttributes" name="editLead" time="0.004"/>
  <testcase classname="Week4day2.LearnAttributes" name="editLead" time="0.003"/>
  <testcase classname="Week4day2.LearnAttributes" name="editLead" time="0.005"/>
  <testcase classname="Week4day2.LearnAttributes" name="editLead" time="0.002"/>
  <testcase classname="Week4day2.LearnAttributes" name="editLead" time="0.003"/>
  <testcase classname="Week4day2.LearnAttributes" name="editLead" time="0.003"/>
  <testcase classname="Week4day2.LearnAttributes" name="editLead" time="0.002"/>
  <testcase classname="Week4day2.LearnAttributes" name="editLead" time="0.001"/>
  <testcase classname="Week4day2.LearnAttributes" name="editLead" time="0.004"/>
  <testcase classname="Week4day2.LearnAttributes" name="editLead" time="0.003"/>
  <testcase classname="Week4day2.LearnAttributes" name="editLead" time="0.002"/>
  <testcase classname="Week4day2.LearnAttributes" name="editLead" time="0.003"/>
  <testcase classname="Week4day2.LearnAttributes" name="editLead" time="0.003"/>
  <testcase classname="Week4day2.LearnAttributes" name="editLead" time="0.003"/>
  <testcase classname="Week4day2.LearnAttributes" name="editLead" time="0.002"/>
  <testcase classname="Week4day2.LearnAttributes" name="editLead" time="0.002"/>
  <testcase classname="Week4day2.LearnAttributes" name="editLead" time="0.002"/>
  <testcase classname="Week4day2.LearnAttributes" name="editLead" time="0.002"/>
  <testcase classname="Week4day2.LearnAttributes" name="editLead" time="0.003"/>
  <testcase classname="Week4day2.LearnAttributes" name="editLead" time="0.002"/>
  <testcase classname="Week4day2.LearnAttributes" name="editLead" time="0.003"/>
  <testcase classname="Week4day2.LearnAttributes" name="editLead" time="0.002"/>
  <testcase classname="Week4day2.LearnAttributes" name="editLead" time="0.003"/>
  <testcase classname="Week4day2.LearnAttributes" name="editLead" time="0.002"/>
  <testcase classname="Week4day2.LearnAttributes" name="editLead" time="0.002"/>
  <testcase classname="Week4day2.LearnAttributes" name="editLead" time="0.005"/>
  <testcase classname="Week4day2.LearnAttributes" name="editLead" time="0.002"/>
  <testcase classname="Week4day2.LearnAttributes" name="editLead" time="0.006"/>
  <testcase classname="Week4day2.LearnAttributes" name="editLead" time="0.002"/>
  <testcase classname="Week4day2.LearnAttributes" name="editLead" time="0.002"/>
  <testcase classname="Week4day2.LearnAttributes" name="editLead" time="0.002"/>
  <testcase classname="Week4day2.LearnAttributes" name="editLead" time="0.002"/>
  <testcase classname="Week4day2.LearnAttributes" name="editLead" time="0.002"/>
  <testcase classname="Week4day2.LearnAttributes" name="editLead" time="0.001"/>
  <testcase classname="Week4day2.LearnAttributes" name="editLead" time="0.001"/>
  <testcase classname="Week4day2.LearnAttributes" name="editLead" time="0.002"/>
  <testcase classname="Week4day2.LearnAttributes" name="editLead" time="0.002"/>
  <testcase classname="Week4day2.LearnAttributes" name="editLead" time="0.002"/>
  <testcase classname="Week4day2.LearnAttributes" name="editLead" time="0.003"/>
  <testcase classname="Week4day2.LearnAttributes" name="editLead" time="0.001"/>
  <testcase classname="Week4day2.LearnAttributes" name="editLead" time="0.003"/>
  <testcase classname="Week4day2.LearnAttributes" name="editLead" time="0.003"/>
  <testcase classname="Week4day2.LearnAttributes" name="editLead" time="0.006"/>
  <testcase classname="Week4day2.LearnAttributes" name="editLead" time="0.002"/>
  <testcase classname="Week4day2.LearnAttributes" name="editLead" time="0.002"/>
  <testcase classname="Week4day2.LearnAttributes" name="editLead" time="0.002"/>
  <testcase classname="Week4day2.LearnAttributes" name="editLead" time="0.002"/>
  <testcase classname="Week4day2.LearnAttributes" name="editLead" time="0.002"/>
  <testcase classname="Week4day2.LearnAttributes" name="editLead" time="0.001"/>
  <testcase classname="Week4day2.LearnAttributes" name="editLead" time="0.001"/>
  <testcase classname="Week4day2.LearnAttributes" name="editLead" time="0.005"/>
  <testcase classname="Week4day2.LearnAttributes" name="editLead" time="0.003"/>
  <testcase classname="Week4day2.LearnAttributes" name="editLead" time="0.006"/>
  <testcase classname="Week4day2.LearnAttributes" name="editLead" time="0.002"/>
  <testcase classname="Week4day2.LearnAttributes" name="editLead" time="0.004"/>
  <testcase classname="Week4day2.LearnAttributes" name="editLead" time="0.002"/>
  <testcase classname="Week4day2.LearnAttributes" name="editLead" time="0.002"/>
  <testcase classname="Week4day2.LearnAttributes" name="editLead" time="0.005"/>
  <testcase classname="Week4day2.LearnAttributes" name="editLead" time="0.007"/>
  <testcase classname="Week4day2.LearnAttributes" name="editLead" time="0.004"/>
  <testcase classname="Week4day2.LearnAttributes" name="editLead" time="0.002"/>
  <testcase classname="Week4day2.LearnAttributes" name="editLead" time="0.002"/>
  <testcase classname="Week4day2.LearnAttributes" name="editLead" time="0.002"/>
  <testcase classname="Week4day2.LearnAttributes" name="editLead" time="0.002"/>
  <testcase classname="Week4day2.LearnAttributes" name="editLead" time="0.001"/>
  <testcase classname="Week4day2.LearnAttributes" name="editLead" time="0.001"/>
  <testcase classname="Week4day2.LearnAttributes" name="editLead" time="0.003"/>
  <testcase classname="Week4day2.LearnAttributes" name="editLead" time="0.002"/>
  <testcase classname="Week4day2.LearnAttributes" name="editLead" time="0.002"/>
  <testcase classname="Week4day2.LearnAttributes" name="editLead" time="0.002"/>
  <testcase classname="Week4day2.LearnAttributes" name="editLead" time="0.002"/>
  <testcase classname="Week4day2.LearnAttributes" name="editLead" time="0.008"/>
  <testcase classname="Week4day2.LearnAttributes" name="editLead" time="0.003"/>
  <testcase classname="Week4day2.LearnAttributes" name="editLead" time="0.004"/>
  <testcase classname="Week4day2.LearnAttributes" name="editLead" time="0.002"/>
  <testcase classname="Week4day2.LearnAttributes" name="editLead" time="0.004"/>
  <testcase classname="Week4day2.LearnAttributes" name="editLead" time="0.002"/>
  <testcase classname="Week4day2.LearnAttributes" name="editLead" time="0.002"/>
  <testcase classname="Week4day2.LearnAttributes" name="editLead" time="0.002"/>
  <testcase classname="Week4day2.LearnAttributes" name="editLead" time="0.004"/>
  <testcase classname="Week4day2.LearnAttributes" name="editLead" time="0.002"/>
  <testcase classname="Week4day2.LearnAttributes" name="editLead" time="0.002"/>
  <testcase classname="Week4day2.LearnAttributes" name="editLead" time="0.003"/>
  <testcase classname="Week4day2.LearnAttributes" name="editLead" time="0.001"/>
  <testcase classname="Week4day2.LearnAttributes" name="editLead" time="0.002"/>
  <testcase classname="Week4day2.LearnAttributes" name="editLead" time="0.002"/>
  <testcase classname="Week4day2.LearnAttributes" name="editLead" time="0.001"/>
  <testcase classname="Week4day2.LearnAttributes" name="editLead" time="0.001"/>
  <testcase classname="Week4day2.LearnAttributes" name="editLead" time="0.002"/>
  <testcase classname="Week4day2.LearnAttributes" name="editLead" time="0.001"/>
  <testcase classname="Week4day2.LearnAttributes" name="editLead" time="0.002"/>
  <testcase classname="Week4day2.LearnAttributes" name="editLead" time="0.003"/>
  <testcase classname="Week4day2.LearnAttributes" name="editLead" time="0.004"/>
  <testcase classname="Week4day2.LearnAttributes" name="editLead" time="0.003"/>
  <testcase classname="Week4day2.LearnAttributes" name="editLead" time="0.002"/>
  <testcase classname="Week4day2.LearnAttributes" name="editLead" time="0.002"/>
  <testcase classname="Week4day2.LearnAttributes" name="editLead" time="0.001"/>
  <testcase classname="Week4day2.LearnAttributes" name="editLead" time="0.001"/>
  <testcase classname="Week4day2.LearnAttributes" name="editLead" time="0.002"/>
  <testcase classname="Week4day2.LearnAttributes" name="editLead" time="0.001"/>
  <testcase classname="Week4day2.LearnAttributes" name="editLead" time="0.002"/>
  <testcase classname="Week4day2.LearnAttributes" name="editLead" time="0.007"/>
  <testcase classname="Week4day2.LearnAttributes" name="editLead" time="0.002"/>
  <testcase classname="Week4day2.LearnAttributes" name="editLead" time="0.001"/>
  <testcase classname="Week4day2.LearnAttributes" name="editLead" time="0.001"/>
  <testcase classname="Week4day2.LearnAttributes" name="editLead" time="0.006"/>
  <testcase classname="Week4day2.LearnAttributes" name="editLead" time="0.001"/>
  <testcase classname="Week4day2.LearnAttributes" name="editLead" time="0.001"/>
  <testcase classname="Week4day2.LearnAttributes" name="editLead" time="0.001"/>
  <testcase classname="Week4day2.LearnAttributes" name="editLead" time="0.002"/>
  <testcase classname="Week4day2.LearnAttributes" name="editLead" time="0.001"/>
  <testcase classname="Week4day2.LearnAttributes" name="editLead" time="0.001"/>
  <testcase classname="Week4day2.LearnAttributes" name="editLead" time="0.001"/>
  <testcase classname="Week4day2.LearnAttributes" name="editLead" time="0.003"/>
  <testcase classname="Week4day2.LearnAttributes" name="editLead" time="0.001"/>
  <testcase classname="Week4day2.LearnAttributes" name="editLead" time="0.001"/>
  <testcase classname="Week4day2.LearnAttributes" name="editLead" time="0.002"/>
  <testcase classname="Week4day2.LearnAttributes" name="editLead" time="0.006"/>
  <testcase classname="Week4day2.LearnAttributes" name="editLead" time="0.008"/>
  <testcase classname="Week4day2.LearnAttributes" name="editLead" time="0.005"/>
  <testcase classname="Week4day2.LearnAttributes" name="editLead" time="0.001"/>
  <testcase classname="Week4day2.LearnAttributes" name="editLead" time="0.003"/>
  <testcase classname="Week4day2.LearnAttributes" name="editLead" time="0.002"/>
  <testcase classname="Week4day2.LearnAttributes" name="editLead" time="0.006"/>
  <testcase classname="Week4day2.LearnAttributes" name="editLead" time="0.001"/>
  <testcase classname="Week4day2.LearnAttributes" name="editLead" time="0.001"/>
  <testcase classname="Week4day2.LearnAttributes" name="editLead" time="0.001"/>
  <testcase classname="Week4day2.LearnAttributes" name="editLead" time="0.002"/>
  <testcase classname="Week4day2.LearnAttributes" name="editLead" time="0.001"/>
  <testcase classname="Week4day2.LearnAttributes" name="editLead" time="0.001"/>
  <testcase classname="Week4day2.LearnAttributes" name="editLead" time="0.001"/>
  <testcase classname="Week4day2.LearnAttributes" name="editLead" time="0.001"/>
  <testcase classname="Week4day2.LearnAttributes" name="editLead" time="0.002"/>
  <testcase classname="Week4day2.LearnAttributes" name="editLead" time="0.001"/>
  <testcase classname="Week4day2.LearnAttributes" name="editLead" time="0.0"/>
  <testcase classname="Week4day2.LearnAttributes" name="editLead" time="0.0"/>
  <testcase classname="Week4day2.LearnAttributes" name="editLead" time="0.001"/>
  <testcase classname="Week4day2.LearnAttributes" name="editLead" time="0.001"/>
  <testcase classname="Week4day2.LearnAttributes" name="editLead" time="0.001"/>
  <testcase classname="Week4day2.LearnAttributes" name="editLead" time="0.001"/>
  <testcase classname="Week4day2.LearnAttributes" name="editLead" time="0.002"/>
  <testcase classname="Week4day2.LearnAttributes" name="editLead" time="0.002"/>
  <testcase classname="Week4day2.LearnAttributes" name="editLead" time="0.001"/>
  <testcase classname="Week4day2.LearnAttributes" name="editLead" time="0.0"/>
  <testcase classname="Week4day2.LearnAttributes" name="editLead" time="0.001"/>
  <testcase classname="Week4day2.LearnAttributes" name="editLead" time="0.003"/>
  <testcase classname="Week4day2.LearnAttributes" name="editLead" time="0.001"/>
  <testcase classname="Week4day2.LearnAttributes" name="editLead" time="0.0"/>
  <testcase classname="Week4day2.LearnAttributes" name="editLead" time="0.002"/>
  <testcase classname="Week4day2.LearnAttributes" name="editLead" time="0.002"/>
  <testcase classname="Week4day2.LearnAttributes" name="editLead" time="0.002"/>
  <testcase classname="Week4day2.LearnAttributes" name="editLead" time="0.001"/>
  <testcase classname="Week4day2.LearnAttributes" name="editLead" time="0.002"/>
  <testcase classname="Week4day2.LearnAttributes" name="editLead" time="0.001"/>
  <testcase classname="Week4day2.LearnAttributes" name="editLead" time="0.001"/>
  <testcase classname="Week4day2.LearnAttributes" name="editLead" time="0.002"/>
  <testcase classname="Week4day2.LearnAttributes" name="editLead" time="0.001"/>
  <testcase classname="Week4day2.LearnAttributes" name="editLead" time="0.001"/>
  <testcase classname="Week4day2.LearnAttributes" name="editLead" time="0.001"/>
  <testcase classname="Week4day2.LearnAttributes" name="editLead" time="0.001"/>
  <testcase classname="Week4day2.LearnAttributes" name="editLead" time="0.001"/>
  <testcase classname="Week4day2.LearnAttributes" name="editLead" time="0.001"/>
  <testcase classname="Week4day2.LearnAttributes" name="editLead" time="0.001"/>
  <testcase classname="Week4day2.LearnAttributes" name="editLead" time="0.003"/>
  <testcase classname="Week4day2.LearnAttributes" name="editLead" time="0.001"/>
  <testcase classname="Week4day2.LearnAttributes" name="editLead" time="0.002"/>
  <testcase classname="Week4day2.LearnAttributes" name="editLead" time="0.003"/>
  <testcase classname="Week4day2.LearnAttributes" name="editLead" time="0.001"/>
  <testcase classname="Week4day2.LearnAttributes" name="editLead" time="0.001"/>
  <testcase classname="Week4day2.LearnAttributes" name="editLead" time="0.001"/>
  <testcase classname="Week4day2.LearnAttributes" name="editLead" time="0.002"/>
  <testcase classname="Week4day2.LearnAttributes" name="editLead" time="0.002"/>
  <testcase classname="Week4day2.LearnAttributes" name="editLead" time="0.002"/>
  <testcase classname="Week4day2.LearnAttributes" name="editLead" time="0.001"/>
  <testcase classname="Week4day2.LearnAttributes" name="editLead" time="0.001"/>
  <testcase classname="Week4day2.LearnAttributes" name="editLead" time="0.001"/>
  <testcase classname="Week4day2.LearnAttributes" name="editLead" time="0.001"/>
  <testcase classname="Week4day2.LearnAttributes" name="editLead" time="0.009"/>
  <testcase classname="Week4day2.LearnAttributes" name="editLead" time="0.001"/>
  <testcase classname="Week4day2.LearnAttributes" name="editLead" time="0.004"/>
  <testcase classname="Week4day2.LearnAttributes" name="editLead" time="0.002"/>
  <testcase classname="Week4day2.LearnAttributes" name="editLead" time="0.003"/>
  <testcase classname="Week4day2.LearnAttributes" name="editLead" time="0.005"/>
  <testcase classname="Week4day2.LearnAttributes" name="editLead" time="0.001"/>
  <testcase classname="Week4day2.LearnAttributes" name="editLead" time="0.001"/>
  <testcase classname="Week4day2.LearnAttributes" name="editLead" time="0.001"/>
  <testcase classname="Week4day2.LearnAttributes" name="editLead" time="0.001"/>
  <testcase classname="Week4day2.LearnAttributes" name="editLead" time="0.001"/>
  <testcase classname="Week4day2.LearnAttributes" name="editLead" time="0.001"/>
  <testcase classname="Week4day2.LearnAttributes" name="editLead" time="0.001"/>
  <testcase classname="Week4day2.LearnAttributes" name="editLead" time="0.001"/>
  <testcase classname="Week4day2.LearnAttributes" name="editLead" time="0.001"/>
  <testcase classname="Week4day2.LearnAttributes" name="editLead" time="0.001"/>
  <testcase classname="Week4day2.LearnAttributes" name="editLead" time="0.003"/>
  <testcase classname="Week4day2.LearnAttributes" name="editLead" time="0.001"/>
  <testcase classname="Week4day2.LearnAttributes" name="editLead" time="0.0"/>
  <testcase classname="Week4day2.LearnAttributes" name="editLead" time="0.001"/>
  <testcase classname="Week4day2.LearnAttributes" name="editLead" time="0.001"/>
  <testcase classname="Week4day2.LearnAttributes" name="editLead" time="0.001"/>
  <testcase classname="Week4day2.LearnAttributes" name="editLead" time="0.001"/>
  <testcase classname="Week4day2.LearnAttributes" name="editLead" time="0.002"/>
  <testcase classname="Week4day2.LearnAttributes" name="editLead" time="0.0"/>
  <testcase classname="Week4day2.LearnAttributes" name="editLead" time="0.001"/>
  <testcase classname="Week4day2.LearnAttributes" name="editLead" time="0.001"/>
  <testcase classname="Week4day2.LearnAttributes" name="editLead" time="0.0"/>
  <testcase classname="Week4day2.LearnAttributes" name="editLead" time="0.001"/>
  <testcase classname="Week4day2.LearnAttributes" name="editLead" time="0.001"/>
  <testcase classname="Week4day2.LearnAttributes" name="editLead" time="0.0"/>
  <testcase classname="Week4day2.LearnAttributes" name="editLead" time="0.001"/>
  <testcase classname="Week4day2.LearnAttributes" name="editLead" time="0.001"/>
  <testcase classname="Week4day2.LearnAttributes" name="editLead" time="0.001"/>
  <testcase classname="Week4day2.LearnAttributes" name="editLead" time="0.001"/>
  <testcase classname="Week4day2.LearnAttributes" name="editLead" time="0.001"/>
  <testcase classname="Week4day2.LearnAttributes" name="editLead" time="0.0"/>
  <testcase classname="Week4day2.LearnAttributes" name="editLead" time="0.001"/>
  <testcase classname="Week4day2.LearnAttributes" name="editLead" time="0.001"/>
  <testcase classname="Week4day2.LearnAttributes" name="editLead" time="0.001"/>
  <testcase classname="Week4day2.LearnAttributes" name="editLead" time="0.001"/>
  <testcase classname="Week4day2.LearnAttributes" name="editLead" time="0.001"/>
  <testcase classname="Week4day2.LearnAttributes" name="editLead" time="0.001"/>
  <testcase classname="Week4day2.LearnAttributes" name="editLead" time="0.001"/>
  <testcase classname="Week4day2.LearnAttributes" name="editLead" time="0.014"/>
  <testcase classname="Week4day2.LearnAttributes" name="editLead" time="0.001"/>
  <testcase classname="Week4day2.LearnAttributes" name="editLead" time="0.001"/>
  <testcase classname="Week4day2.LearnAttributes" name="editLead" time="0.001"/>
  <testcase classname="Week4day2.LearnAttributes" name="editLead" time="0.0"/>
  <testcase classname="Week4day2.LearnAttributes" name="editLead" time="0.0"/>
  <testcase classname="Week4day2.LearnAttributes" name="editLead" time="0.001"/>
  <testcase classname="Week4day2.LearnAttributes" name="editLead" time="0.002"/>
  <testcase classname="Week4day2.LearnAttributes" name="editLead" time="0.001"/>
  <testcase classname="Week4day2.LearnAttributes" name="editLead" time="0.001"/>
  <testcase classname="Week4day2.LearnAttributes" name="editLead" time="0.0"/>
  <testcase classname="Week4day2.LearnAttributes" name="editLead" time="0.001"/>
  <testcase classname="Week4day2.LearnAttributes" name="editLead" time="0.001"/>
  <testcase classname="Week4day2.LearnAttributes" name="editLead" time="0.001"/>
  <testcase classname="Week4day2.LearnAttributes" name="editLead" time="0.001"/>
  <testcase classname="Week4day2.LearnAttributes" name="editLead" time="0.001"/>
  <testcase classname="Week4day2.LearnAttributes" name="editLead" time="0.001"/>
  <testcase classname="Week4day2.LearnAttributes" name="editLead" time="0.001"/>
  <testcase classname="Week4day2.LearnAttributes" name="editLead" time="0.001"/>
  <testcase classname="Week4day2.LearnAttributes" name="editLead" time="0.001"/>
  <testcase classname="Week4day2.LearnAttributes" name="editLead" time="0.001"/>
  <testcase classname="Week4day2.LearnAttributes" name="editLead" time="0.001"/>
  <testcase classname="Week4day2.LearnAttributes" name="editLead" time="0.001"/>
  <testcase classname="Week4day2.LearnAttributes" name="editLead" time="0.001"/>
  <testcase classname="Week4day2.LearnAttributes" name="editLead" time="0.003"/>
  <testcase classname="Week4day2.LearnAttributes" name="editLead" time="0.001"/>
  <testcase classname="Week4day2.LearnAttributes" name="editLead" time="0.001"/>
  <testcase classname="Week4day2.LearnAttributes" name="editLead" time="0.001"/>
  <testcase classname="Week4day2.LearnAttributes" name="editLead" time="0.002"/>
  <testcase classname="Week4day2.LearnAttributes" name="editLead" time="0.002"/>
  <testcase classname="Week4day2.LearnAttributes" name="editLead" time="0.001"/>
  <testcase classname="Week4day2.LearnAttributes" name="editLead" time="0.001"/>
  <testcase classname="Week4day2.LearnAttributes" name="editLead" time="0.001"/>
  <testcase classname="Week4day2.LearnAttributes" name="editLead" time="0.002"/>
  <testcase classname="Week4day2.LearnAttributes" name="editLead" time="0.001"/>
  <testcase classname="Week4day2.LearnAttributes" name="editLead" time="0.001"/>
  <testcase classname="Week4day2.LearnAttributes" name="editLead" time="0.0"/>
  <testcase classname="Week4day2.LearnAttributes" name="editLead" time="0.001"/>
  <testcase classname="Week4day2.LearnAttributes" name="editLead" time="0.001"/>
  <testcase classname="Week4day2.LearnAttributes" name="editLead" time="0.001"/>
  <testcase classname="Week4day2.LearnAttributes" name="editLead" time="0.0"/>
  <testcase classname="Week4day2.LearnAttributes" name="editLead" time="0.001"/>
  <testcase classname="Week4day2.LearnAttributes" name="editLead" time="0.002"/>
  <testcase classname="Week4day2.LearnAttributes" name="editLead" time="0.001"/>
  <testcase classname="Week4day2.LearnAttributes" name="editLead" time="0.0"/>
  <testcase classname="Week4day2.LearnAttributes" name="editLead" time="0.001"/>
  <testcase classname="Week4day2.LearnAttributes" name="editLead" time="0.001"/>
  <testcase classname="Week4day2.LearnAttributes" name="editLead" time="0.001"/>
  <testcase classname="Week4day2.LearnAttributes" name="editLead" time="0.001"/>
  <testcase classname="Week4day2.LearnAttributes" name="editLead" time="0.001"/>
  <testcase classname="Week4day2.LearnAttributes" name="editLead" time="0.0"/>
  <testcase classname="Week4day2.LearnAttributes" name="editLead" time="0.001"/>
  <testcase classname="Week4day2.LearnAttributes" name="editLead" time="0.001"/>
  <testcase classname="Week4day2.LearnAttributes" name="editLead" time="0.0"/>
  <testcase classname="Week4day2.LearnAttributes" name="editLead" time="0.001"/>
  <testcase classname="Week4day2.LearnAttributes" name="editLead" time="0.0"/>
  <testcase classname="Week4day2.LearnAttributes" name="editLead" time="0.001"/>
  <testcase classname="Week4day2.LearnAttributes" name="editLead" time="0.001"/>
  <testcase classname="Week4day2.LearnAttributes" name="editLead" time="0.001"/>
  <testcase classname="Week4day2.LearnAttributes" name="editLead" time="0.002"/>
  <testcase classname="Week4day2.LearnAttributes" name="editLead" time="0.0"/>
  <testcase classname="Week4day2.LearnAttributes" name="editLead" time="0.001"/>
  <testcase classname="Week4day2.LearnAttributes" name="editLead" time="0.001"/>
  <testcase classname="Week4day2.LearnAttributes" name="editLead" time="0.001"/>
  <testcase classname="Week4day2.LearnAttributes" name="editLead" time="0.001"/>
  <testcase classname="Week4day2.LearnAttributes" name="editLead" time="0.0"/>
  <testcase classname="Week4day2.LearnAttributes" name="editLead" time="0.001"/>
  <testcase classname="Week4day2.LearnAttributes" name="editLead" time="0.001"/>
  <testcase classname="Week4day2.LearnAttributes" name="editLead" time="0.0"/>
  <testcase classname="Week4day2.LearnAttributes" name="editLead" time="0.0"/>
  <testcase classname="Week4day2.LearnAttributes" name="editLead" time="0.0"/>
  <testcase classname="Week4day2.LearnAttributes" name="editLead" time="0.001"/>
  <testcase classname="Week4day2.LearnAttributes" name="editLead" time="0.001"/>
  <testcase classname="Week4day2.LearnAttributes" name="editLead" time="0.001"/>
  <testcase classname="Week4day2.LearnAttributes" name="editLead" time="0.001"/>
  <testcase classname="Week4day2.LearnAttributes" name="editLead" time="0.001"/>
  <testcase classname="Week4day2.LearnAttributes" name="editLead" time="0.001"/>
  <testcase classname="Week4day2.LearnAttributes" name="editLead" time="0.001"/>
  <testcase classname="Week4day2.LearnAttributes" name="editLead" time="0.004"/>
  <testcase classname="Week4day2.LearnAttributes" name="editLead" time="0.001"/>
  <testcase classname="Week4day2.LearnAttributes" name="editLead" time="0.001"/>
  <testcase classname="Week4day2.LearnAttributes" name="editLead" time="0.001"/>
  <testcase classname="Week4day2.LearnAttributes" name="editLead" time="0.002"/>
  <testcase classname="Week4day2.LearnAttributes" name="editLead" time="0.001"/>
  <testcase classname="Week4day2.LearnAttributes" name="editLead" time="0.002"/>
  <testcase classname="Week4day2.LearnAttributes" name="editLead" time="0.001"/>
  <testcase classname="Week4day2.LearnAttributes" name="editLead" time="0.0"/>
  <testcase classname="Week4day2.LearnAttributes" name="editLead" time="0.001"/>
  <testcase classname="Week4day2.LearnAttributes" name="editLead" time="0.001"/>
  <testcase classname="Week4day2.LearnAttributes" name="editLead" time="0.0"/>
  <testcase classname="Week4day2.LearnAttributes" name="editLead" time="0.001"/>
  <testcase classname="Week4day2.LearnAttributes" name="editLead" time="0.004"/>
  <testcase classname="Week4day2.LearnAttributes" name="editLead" time="0.001"/>
  <testcase classname="Week4day2.LearnAttributes" name="editLead" time="0.002"/>
  <testcase classname="Week4day2.LearnAttributes" name="editLead" time="0.003"/>
  <testcase classname="Week4day2.LearnAttributes" name="editLead" time="0.001"/>
  <testcase classname="Week4day2.LearnAttributes" name="editLead" time="0.001"/>
  <testcase classname="Week4day2.LearnAttributes" name="editLead" time="0.0"/>
  <testcase classname="Week4day2.LearnAttributes" name="editLead" time="0.0"/>
  <testcase classname="Week4day2.LearnAttributes" name="editLead" time="0.001"/>
  <testcase classname="Week4day2.LearnAttributes" name="editLead" time="0.0"/>
  <testcase classname="Week4day2.LearnAttributes" name="editLead" time="0.001"/>
  <testcase classname="Week4day2.LearnAttributes" name="editLead" time="0.001"/>
  <testcase classname="Week4day2.LearnAttributes" name="editLead" time="0.001"/>
  <testcase classname="Week4day2.LearnAttributes" name="editLead" time="0.001"/>
  <testcase classname="Week4day2.LearnAttributes" name="editLead" time="0.002"/>
  <testcase classname="Week4day2.LearnAttributes" name="editLead" time="0.0"/>
  <testcase classname="Week4day2.LearnAttributes" name="editLead" time="0.002"/>
  <testcase classname="Week4day2.LearnAttributes" name="editLead" time="0.004"/>
  <testcase classname="Week4day2.LearnAttributes" name="editLead" time="0.001"/>
  <testcase classname="Week4day2.LearnAttributes" name="editLead" time="0.001"/>
  <testcase classname="Week4day2.LearnAttributes" name="editLead" time="0.0"/>
  <testcase classname="Week4day2.LearnAttributes" name="editLead" time="0.001"/>
  <testcase classname="Week4day2.LearnAttributes" name="editLead" time="0.001"/>
  <testcase classname="Week4day2.LearnAttributes" name="editLead" time="0.001"/>
  <testcase classname="Week4day2.LearnAttributes" name="editLead" time="0.002"/>
  <testcase classname="Week4day2.LearnAttributes" name="editLead" time="0.002"/>
  <testcase classname="Week4day2.LearnAttributes" name="editLead" time="0.001"/>
  <testcase classname="Week4day2.LearnAttributes" name="editLead" time="0.001"/>
  <testcase classname="Week4day2.LearnAttributes" name="editLead" time="0.001"/>
  <testcase classname="Week4day2.LearnAttributes" name="editLead" time="0.001"/>
  <testcase classname="Week4day2.LearnAttributes" name="editLead" time="0.001"/>
  <testcase classname="Week4day2.LearnAttributes" name="editLead" time="0.002"/>
  <testcase classname="Week4day2.LearnAttributes" name="editLead" time="0.001"/>
  <testcase classname="Week4day2.LearnAttributes" name="editLead" time="0.003"/>
  <testcase classname="Week4day2.LearnAttributes" name="editLead" time="0.001"/>
  <testcase classname="Week4day2.LearnAttributes" name="editLead" time="0.001"/>
  <testcase classname="Week4day2.LearnAttributes" name="editLead" time="0.001"/>
  <testcase classname="Week4day2.LearnAttributes" name="editLead" time="0.0"/>
  <testcase classname="Week4day2.LearnAttributes" name="editLead" time="0.002"/>
  <testcase classname="Week4day2.LearnAttributes" name="editLead" time="0.0"/>
  <testcase classname="Week4day2.LearnAttributes" name="editLead" time="0.001"/>
  <testcase classname="Week4day2.LearnAttributes" name="editLead" time="0.001"/>
  <testcase classname="Week4day2.LearnAttributes" name="editLead" time="0.001"/>
  <testcase classname="Week4day2.LearnAttributes" name="editLead" time="0.001"/>
  <testcase classname="Week4day2.LearnAttributes" name="editLead" time="0.008"/>
  <testcase classname="Week4day2.LearnAttributes" name="editLead" time="0.002"/>
  <testcase classname="Week4day2.LearnAttributes" name="editLead" time="0.001"/>
  <testcase classname="Week4day2.LearnAttributes" name="editLead" time="0.001"/>
  <testcase classname="Week4day2.LearnAttributes" name="editLead" time="0.0"/>
  <testcase classname="Week4day2.LearnAttributes" name="editLead" time="0.001"/>
  <testcase classname="Week4day2.LearnAttributes" name="editLead" time="0.0"/>
  <testcase classname="Week4day2.LearnAttributes" name="editLead" time="0.002"/>
  <testcase classname="Week4day2.LearnAttributes" name="editLead" time="0.002"/>
  <testcase classname="Week4day2.LearnAttributes" name="editLead" time="0.002"/>
  <testcase classname="Week4day2.LearnAttributes" name="editLead" time="0.001"/>
  <testcase classname="Week4day2.LearnAttributes" name="editLead" time="0.001"/>
  <testcase classname="Week4day2.LearnAttributes" name="editLead" time="0.0"/>
  <testcase classname="Week4day2.LearnAttributes" name="editLead" time="0.001"/>
  <testcase classname="Week4day2.LearnAttributes" name="editLead" time="0.001"/>
  <testcase classname="Week4day2.LearnAttributes" name="editLead" time="0.002"/>
  <testcase classname="Week4day2.LearnAttributes" name="editLead" time="0.002"/>
  <testcase classname="Week4day2.LearnAttributes" name="editLead" time="0.001"/>
  <testcase classname="Week4day2.LearnAttributes" name="editLead" time="0.0"/>
  <testcase classname="Week4day2.LearnAttributes" name="editLead" time="0.001"/>
  <testcase classname="Week4day2.LearnAttributes" name="editLead" time="0.001"/>
  <testcase classname="Week4day2.LearnAttributes" name="editLead" time="0.001"/>
  <testcase classname="Week4day2.LearnAttributes" name="editLead" time="0.002"/>
  <testcase classname="Week4day2.LearnAttributes" name="editLead" time="0.0"/>
  <testcase classname="Week4day2.LearnAttributes" name="editLead" time="0.001"/>
  <testcase classname="Week4day2.LearnAttributes" name="editLead" time="0.001"/>
  <testcase classname="Week4day2.LearnAttributes" name="editLead" time="0.001"/>
  <testcase classname="Week4day2.LearnAttributes" name="editLead" time="0.008"/>
  <testcase classname="Week4day2.LearnAttributes" name="editLead" time="0.001"/>
  <testcase classname="Week4day2.LearnAttributes" name="editLead" time="0.0"/>
  <testcase classname="Week4day2.LearnAttributes" name="editLead" time="0.001"/>
  <testcase classname="Week4day2.LearnAttributes" name="editLead" time="0.002"/>
  <testcase classname="Week4day2.LearnAttributes" name="editLead" time="0.001"/>
  <testcase classname="Week4day2.LearnAttributes" name="editLead" time="0.001"/>
  <testcase classname="Week4day2.LearnAttributes" name="editLead" time="0.001"/>
  <testcase classname="Week4day2.LearnAttributes" name="editLead" time="0.001"/>
  <testcase classname="Week4day2.LearnAttributes" name="editLead" time="0.001"/>
  <testcase classname="Week4day2.LearnAttributes" name="editLead" time="0.002"/>
  <testcase classname="Week4day2.LearnAttributes" name="editLead" time="0.001"/>
  <testcase classname="Week4day2.LearnAttributes" name="editLead" time="0.001"/>
  <testcase classname="Week4day2.LearnAttributes" name="editLead" time="0.001"/>
  <testcase classname="Week4day2.LearnAttributes" name="editLead" time="0.001"/>
  <testcase classname="Week4day2.LearnAttributes" name="editLead" time="0.001"/>
  <testcase classname="Week4day2.LearnAttributes" name="editLead" time="0.002"/>
  <testcase classname="Week4day2.LearnAttributes" name="editLead" time="0.001"/>
  <testcase classname="Week4day2.LearnAttributes" name="editLead" time="0.001"/>
  <testcase classname="Week4day2.LearnAttributes" name="editLead" time="0.0"/>
  <testcase classname="Week4day2.LearnAttributes" name="editLead" time="0.001"/>
  <testcase classname="Week4day2.LearnAttributes" name="editLead" time="0.001"/>
  <testcase classname="Week4day2.LearnAttributes" name="editLead" time="0.0"/>
  <testcase classname="Week4day2.LearnAttributes" name="editLead" time="0.001"/>
  <testcase classname="Week4day2.LearnAttributes" name="editLead" time="0.001"/>
  <testcase classname="Week4day2.LearnAttributes" name="editLead" time="0.001"/>
  <testcase classname="Week4day2.LearnAttributes" name="editLead" time="0.0"/>
  <testcase classname="Week4day2.LearnAttributes" name="editLead" time="0.002"/>
  <testcase classname="Week4day2.LearnAttributes" name="editLead" time="0.0"/>
  <testcase classname="Week4day2.LearnAttributes" name="editLead" time="0.001"/>
  <testcase classname="Week4day2.LearnAttributes" name="editLead" time="0.001"/>
  <testcase classname="Week4day2.LearnAttributes" name="editLead" time="0.001"/>
  <testcase classname="Week4day2.LearnAttributes" name="editLead" time="0.001"/>
  <testcase classname="Week4day2.LearnAttributes" name="editLead" time="0.001"/>
  <testcase classname="Week4day2.LearnAttributes" name="editLead" time="0.0"/>
  <testcase classname="Week4day2.LearnAttributes" name="editLead" time="0.001"/>
  <testcase classname="Week4day2.LearnAttributes" name="editLead" time="0.001"/>
  <testcase classname="Week4day2.LearnAttributes" name="editLead" time="0.0"/>
  <testcase classname="Week4day2.LearnAttributes" name="editLead" time="0.001"/>
  <testcase classname="Week4day2.LearnAttributes" name="editLead" time="0.0"/>
  <testcase classname="Week4day2.LearnAttributes" name="editLead" time="0.001"/>
  <testcase classname="Week4day2.LearnAttributes" name="editLead" time="0.001"/>
  <testcase classname="Week4day2.LearnAttributes" name="editLead" time="0.001"/>
  <testcase classname="Week4day2.LearnAttributes" name="editLead" time="0.0"/>
  <testcase classname="Week4day2.LearnAttributes" name="editLead" time="0.001"/>
  <testcase classname="Week4day2.LearnAttributes" name="editLead" time="0.001"/>
  <testcase classname="Week4day2.LearnAttributes" name="editLead" time="0.0"/>
  <testcase classname="Week4day2.LearnAttributes" name="editLead" time="0.001"/>
  <testcase classname="Week4day2.LearnAttributes" name="editLead" time="0.002"/>
  <testcase classname="Week4day2.LearnAttributes" name="editLead" time="0.001"/>
  <testcase classname="Week4day2.LearnAttributes" name="editLead" time="0.001"/>
  <testcase classname="Week4day2.LearnAttributes" name="editLead" time="0.001"/>
  <testcase classname="Week4day2.LearnAttributes" name="editLead" time="0.0"/>
  <testcase classname="Week4day2.LearnAttributes" name="editLead" time="0.0"/>
  <testcase classname="Week4day2.LearnAttributes" name="editLead" time="0.0"/>
  <testcase classname="Week4day2.LearnAttributes" name="editLead" time="0.001"/>
  <testcase classname="Week4day2.LearnAttributes" name="editLead" time="0.001"/>
  <testcase classname="Week4day2.LearnAttributes" name="editLead" time="0.005"/>
  <testcase classname="Week4day2.LearnAttributes" name="editLead" time="0.011"/>
  <testcase classname="Week4day2.LearnAttributes" name="editLead" time="0.001"/>
  <testcase classname="Week4day2.LearnAttributes" name="editLead" time="0.001"/>
  <testcase classname="Week4day2.LearnAttributes" name="editLead" time="0.0"/>
  <testcase classname="Week4day2.LearnAttributes" name="editLead" time="0.001"/>
  <testcase classname="Week4day2.LearnAttributes" name="editLead" time="0.002"/>
  <testcase classname="Week4day2.LearnAttributes" name="editLead" time="0.001"/>
  <testcase classname="Week4day2.LearnAttributes" name="editLead" time="0.0"/>
  <testcase classname="Week4day2.LearnAttributes" name="editLead" time="0.001"/>
  <testcase classname="Week4day2.LearnAttributes" name="editLead" time="0.0"/>
  <testcase classname="Week4day2.LearnAttributes" name="editLead" time="0.001"/>
  <testcase classname="Week4day2.LearnAttributes" name="editLead" time="0.0"/>
  <testcase classname="Week4day2.LearnAttributes" name="editLead" time="0.001"/>
  <testcase classname="Week4day2.LearnAttributes" name="editLead" time="0.001"/>
  <testcase classname="Week4day2.LearnAttributes" name="editLead" time="0.0"/>
  <testcase classname="Week4day2.LearnAttributes" name="editLead" time="0.001"/>
  <testcase classname="Week4day2.LearnAttributes" name="editLead" time="0.001"/>
  <testcase classname="Week4day2.LearnAttributes" name="editLead" time="0.0"/>
  <testcase classname="Week4day2.LearnAttributes" name="editLead" time="0.0"/>
  <testcase classname="Week4day2.LearnAttributes" name="editLead" time="0.001"/>
  <testcase classname="Week4day2.LearnAttributes" name="editLead" time="0.001"/>
  <testcase classname="Week4day2.LearnAttributes" name="editLead" time="0.001"/>
  <testcase classname="Week4day2.LearnAttributes" name="editLead" time="0.001"/>
  <testcase classname="Week4day2.LearnAttributes" name="editLead" time="0.002"/>
  <testcase classname="Week4day2.LearnAttributes" name="editLead" time="0.001"/>
  <testcase classname="Week4day2.LearnAttributes" name="editLead" time="0.001"/>
  <testcase classname="Week4day2.LearnAttributes" name="editLead" time="0.001"/>
  <testcase classname="Week4day2.LearnAttributes" name="editLead" time="0.001"/>
  <testcase classname="Week4day2.LearnAttributes" name="editLead" time="0.001"/>
  <testcase classname="Week4day2.LearnAttributes" name="editLead" time="0.0"/>
  <testcase classname="Week4day2.LearnAttributes" name="editLead" time="0.001"/>
  <testcase classname="Week4day2.LearnAttributes" name="editLead" time="0.0"/>
  <testcase classname="Week4day2.LearnAttributes" name="editLead" time="0.001"/>
  <testcase classname="Week4day2.LearnAttributes" name="editLead" time="0.0"/>
  <testcase classname="Week4day2.LearnAttributes" name="editLead" time="0.001"/>
  <testcase classname="Week4day2.LearnAttributes" name="editLead" time="0.001"/>
  <testcase classname="Week4day2.LearnAttributes" name="editLead" time="0.001"/>
  <testcase classname="Week4day2.LearnAttributes" name="editLead" time="0.0"/>
  <testcase classname="Week4day2.LearnAttributes" name="editLead" time="0.001"/>
  <testcase classname="Week4day2.LearnAttributes" name="editLead" time="0.0"/>
  <testcase classname="Week4day2.LearnAttributes" name="editLead" time="0.001"/>
  <testcase classname="Week4day2.LearnAttributes" name="editLead" time="0.0"/>
  <testcase classname="Week4day2.LearnAttributes" name="editLead" time="0.001"/>
  <testcase classname="Week4day2.LearnAttributes" name="editLead" time="0.0"/>
  <testcase classname="Week4day2.LearnAttributes" name="editLead" time="0.001"/>
  <testcase classname="Week4day2.LearnAttributes" name="editLead" time="0.001"/>
  <testcase classname="Week4day2.LearnAttributes" name="editLead" time="0.001"/>
  <testcase classname="Week4day2.LearnAttributes" name="editLead" time="0.0"/>
  <testcase classname="Week4day2.LearnAttributes" name="editLead" time="0.001"/>
  <testcase classname="Week4day2.LearnAttributes" name="editLead" time="0.001"/>
  <testcase classname="Week4day2.LearnAttributes" name="editLead" time="0.0"/>
  <testcase classname="Week4day2.LearnAttributes" name="editLead" time="0.0"/>
  <testcase classname="Week4day2.LearnAttributes" name="editLead" time="0.003"/>
  <testcase classname="Week4day2.LearnAttributes" name="editLead" time="0.001"/>
  <testcase classname="Week4day2.LearnAttributes" name="deleteLead" time="0.001"/>
  <testcase classname="Week4day2.LearnAttributes" name="createLead" time="0.0">
    <ignored/>
  </testcase> <!-- createLead -->
</testsuite> <!-- Default test -->
